<?xml version="1.0" encoding="UTF-8"?>
<testng-results ignored="0" total="17" passed="16" failed="1" skipped="0">
  <reporter-output>
  </reporter-output>
  <suite started-at="2025-09-14T23:14:39 IST" name="OpenCartSuite" finished-at="2025-09-14T23:17:04 IST" duration-ms="145771">
    <groups>
      <group name="cucumber">
        <method signature="AbstractTestNGCucumberTests.runScenario(io.cucumber.testng.PickleWrapper,io.cucumber.testng.FeatureWrapper)[pri:0, instance:runners.TestRunner@49438269]" name="runScenario" class="io.cucumber.testng.AbstractTestNGCucumberTests"/>
      </group> <!-- cucumber -->
    </groups>
    <test started-at="2025-09-14T23:14:39 IST" name="OpenCartTests" finished-at="2025-09-14T23:17:04 IST" duration-ms="145771">
      <class name="runners.TestRunner">
        <test-method is-config="true" signature="setUpClass(org.testng.ITestContext)[pri:0, instance:runners.TestRunner@49438269]" started-at="2025-09-14T23:14:39 IST" name="setUpClass" finished-at="2025-09-14T23:14:40 IST" duration-ms="991" status="PASS">
          <params>
            <param index="0">
              <value>
                <![CDATA[org.testng.TestRunner@5d1907fb]]>
              </value>
            </param>
          </params>
          <reporter-output>
          </reporter-output>
        </test-method> <!-- setUpClass -->
        <test-method signature="runScenario(io.cucumber.testng.PickleWrapper,io.cucumber.testng.FeatureWrapper)[pri:0, instance:runners.TestRunner@49438269]" started-at="2025-09-14T23:14:40 IST" name="runScenario" description="Runs Cucumber Scenarios" data-provider="scenarios" finished-at="2025-09-14T23:14:57 IST" duration-ms="17404" status="PASS">
          <params>
            <param index="0">
              <value>
                <![CDATA["Verify Product Description Without Login"]]>
              </value>
            </param>
            <param index="1">
              <value>
                <![CDATA["Product Details and Add to Cart"]]>
              </value>
            </param>
          </params>
          <reporter-output>
          </reporter-output>
        </test-method> <!-- runScenario -->
        <test-method signature="runScenario(io.cucumber.testng.PickleWrapper,io.cucumber.testng.FeatureWrapper)[pri:0, instance:runners.TestRunner@49438269]" started-at="2025-09-14T23:14:57 IST" name="runScenario" description="Runs Cucumber Scenarios" data-provider="scenarios" finished-at="2025-09-14T23:15:04 IST" duration-ms="7323" status="PASS">
          <params>
            <param index="0">
              <value>
                <![CDATA["Add To Cart Test Without Login"]]>
              </value>
            </param>
            <param index="1">
              <value>
                <![CDATA["Product Details and Add to Cart"]]>
              </value>
            </param>
          </params>
          <reporter-output>
          </reporter-output>
        </test-method> <!-- runScenario -->
        <test-method signature="runScenario(io.cucumber.testng.PickleWrapper,io.cucumber.testng.FeatureWrapper)[pri:0, instance:runners.TestRunner@49438269]" started-at="2025-09-14T23:15:04 IST" name="runScenario" description="Runs Cucumber Scenarios" data-provider="scenarios" finished-at="2025-09-14T23:15:14 IST" duration-ms="10053" status="PASS">
          <params>
            <param index="0">
              <value>
                <![CDATA["Multiple Products Add Test  Without Login"]]>
              </value>
            </param>
            <param index="1">
              <value>
                <![CDATA["Product Details and Add to Cart"]]>
              </value>
            </param>
          </params>
          <reporter-output>
          </reporter-output>
        </test-method> <!-- runScenario -->
        <test-method signature="runScenario(io.cucumber.testng.PickleWrapper,io.cucumber.testng.FeatureWrapper)[pri:0, instance:runners.TestRunner@49438269]" started-at="2025-09-14T23:15:14 IST" name="runScenario" description="Runs Cucumber Scenarios" data-provider="scenarios" finished-at="2025-09-14T23:15:22 IST" duration-ms="7691" status="PASS">
          <params>
            <param index="0">
              <value>
                <![CDATA["Navigate to Checkout Page"]]>
              </value>
            </param>
            <param index="1">
              <value>
                <![CDATA["Checkout Process"]]>
              </value>
            </param>
          </params>
          <reporter-output>
          </reporter-output>
        </test-method> <!-- runScenario -->
        <test-method signature="runScenario(io.cucumber.testng.PickleWrapper,io.cucumber.testng.FeatureWrapper)[pri:0, instance:runners.TestRunner@49438269]" started-at="2025-09-14T23:15:22 IST" name="runScenario" description="Runs Cucumber Scenarios" data-provider="scenarios" finished-at="2025-09-14T23:15:35 IST" duration-ms="12456" status="PASS">
          <params>
            <param index="0">
              <value>
                <![CDATA["Fill Billing Details"]]>
              </value>
            </param>
            <param index="1">
              <value>
                <![CDATA["Checkout Process"]]>
              </value>
            </param>
          </params>
          <reporter-output>
          </reporter-output>
        </test-method> <!-- runScenario -->
        <test-method signature="runScenario(io.cucumber.testng.PickleWrapper,io.cucumber.testng.FeatureWrapper)[pri:0, instance:runners.TestRunner@49438269]" started-at="2025-09-14T23:15:35 IST" name="runScenario" description="Runs Cucumber Scenarios" data-provider="scenarios" finished-at="2025-09-14T23:15:46 IST" duration-ms="11413" status="FAIL">
          <params>
            <param index="0">
              <value>
                <![CDATA["Select Payment Method"]]>
              </value>
            </param>
            <param index="1">
              <value>
                <![CDATA["Checkout Process"]]>
              </value>
            </param>
          </params>
          <exception class="org.openqa.selenium.NoSuchElementException">
            <message>
              <![CDATA[Cannot locate option with text: Karnataka
For documentation on this error, please visit: https://www.selenium.dev/documentation/webdriver/troubleshooting/errors#no-such-element-exception
Build info: version: '4.33.0', revision: '2c6aaad03a'
System info: os.name: 'Windows 11', os.arch: 'amd64', os.version: '10.0', java.version: '24.0.2'
Driver info: driver.version: unknown]]>
            </message>
            <full-stacktrace>
              <![CDATA[org.openqa.selenium.NoSuchElementException: Cannot locate option with text: Karnataka
For documentation on this error, please visit: https://www.selenium.dev/documentation/webdriver/troubleshooting/errors#no-such-element-exception
Build info: version: '4.33.0', revision: '2c6aaad03a'
System info: os.name: 'Windows 11', os.arch: 'amd64', os.version: '10.0', java.version: '24.0.2'
Driver info: driver.version: unknown
at org.openqa.selenium.support.ui.Select.selectByVisibleText(Select.java:167)
at utils.CommonEvents.selectByText(CommonEvents.java:34)
at pages.CheckoutPage.selectCountryAndZone(CheckoutPage.java:128)
at stepdefinitions.CheckoutTest.verifyBillingDetails(CheckoutTest.java:40)
at ✽.I Fill the Billing Details(file:///C:/Users/panda/eclipse-workspace/OpenCartTesting/src/test/resources/features/Checkout.feature:20)
]]>
            </full-stacktrace>
          </exception> <!-- org.openqa.selenium.NoSuchElementException -->
          <reporter-output>
          </reporter-output>
        </test-method> <!-- runScenario -->
        <test-method signature="runScenario(io.cucumber.testng.PickleWrapper,io.cucumber.testng.FeatureWrapper)[pri:0, instance:runners.TestRunner@49438269]" started-at="2025-09-14T23:15:46 IST" name="runScenario" description="Runs Cucumber Scenarios" data-provider="scenarios" finished-at="2025-09-14T23:16:00 IST" duration-ms="14543" status="PASS">
          <params>
            <param index="0">
              <value>
                <![CDATA["Place Order"]]>
              </value>
            </param>
            <param index="1">
              <value>
                <![CDATA["Checkout Process"]]>
              </value>
            </param>
          </params>
          <reporter-output>
          </reporter-output>
        </test-method> <!-- runScenario -->
        <test-method signature="runScenario(io.cucumber.testng.PickleWrapper,io.cucumber.testng.FeatureWrapper)[pri:0, instance:runners.TestRunner@49438269]" started-at="2025-09-14T23:16:00 IST" name="runScenario" description="Runs Cucumber Scenarios" data-provider="scenarios" finished-at="2025-09-14T23:16:05 IST" duration-ms="4203" status="PASS">
          <params>
            <param index="0">
              <value>
                <![CDATA["Verify Product Search Functionality"]]>
              </value>
            </param>
            <param index="1">
              <value>
                <![CDATA["Product Search and Filter"]]>
              </value>
            </param>
          </params>
          <reporter-output>
          </reporter-output>
        </test-method> <!-- runScenario -->
        <test-method signature="runScenario(io.cucumber.testng.PickleWrapper,io.cucumber.testng.FeatureWrapper)[pri:0, instance:runners.TestRunner@49438269]" started-at="2025-09-14T23:16:05 IST" name="runScenario" description="Runs Cucumber Scenarios" data-provider="scenarios" finished-at="2025-09-14T23:16:09 IST" duration-ms="3959" status="PASS">
          <params>
            <param index="0">
              <value>
                <![CDATA["Verify Category Filter"]]>
              </value>
            </param>
            <param index="1">
              <value>
                <![CDATA["Product Search and Filter"]]>
              </value>
            </param>
          </params>
          <reporter-output>
          </reporter-output>
        </test-method> <!-- runScenario -->
        <test-method signature="runScenario(io.cucumber.testng.PickleWrapper,io.cucumber.testng.FeatureWrapper)[pri:0, instance:runners.TestRunner@49438269]" started-at="2025-09-14T23:16:09 IST" name="runScenario" description="Runs Cucumber Scenarios" data-provider="scenarios" finished-at="2025-09-14T23:16:14 IST" duration-ms="4863" status="PASS">
          <params>
            <param index="0">
              <value>
                <![CDATA["Verify Sorting Functionality - price high to Low"]]>
              </value>
            </param>
            <param index="1">
              <value>
                <![CDATA["Product Search and Filter"]]>
              </value>
            </param>
          </params>
          <reporter-output>
          </reporter-output>
        </test-method> <!-- runScenario -->
        <test-method signature="runScenario(io.cucumber.testng.PickleWrapper,io.cucumber.testng.FeatureWrapper)[pri:0, instance:runners.TestRunner@49438269]" started-at="2025-09-14T23:16:14 IST" name="runScenario" description="Runs Cucumber Scenarios" data-provider="scenarios" finished-at="2025-09-14T23:16:19 IST" duration-ms="5012" status="PASS">
          <params>
            <param index="0">
              <value>
                <![CDATA["Verify Sorting Functionality Price Low to High"]]>
              </value>
            </param>
            <param index="1">
              <value>
                <![CDATA["Product Search and Filter"]]>
              </value>
            </param>
          </params>
          <reporter-output>
          </reporter-output>
        </test-method> <!-- runScenario -->
        <test-method signature="runScenario(io.cucumber.testng.PickleWrapper,io.cucumber.testng.FeatureWrapper)[pri:0, instance:runners.TestRunner@49438269]" started-at="2025-09-14T23:16:19 IST" name="runScenario" description="Runs Cucumber Scenarios" data-provider="scenarios" finished-at="2025-09-14T23:16:26 IST" duration-ms="7440" status="PASS">
          <params>
            <param index="0">
              <value>
                <![CDATA["Successful User Registration"]]>
              </value>
            </param>
            <param index="1">
              <value>
                <![CDATA["User Account Management"]]>
              </value>
            </param>
          </params>
          <reporter-output>
          </reporter-output>
        </test-method> <!-- runScenario -->
        <test-method signature="runScenario(io.cucumber.testng.PickleWrapper,io.cucumber.testng.FeatureWrapper)[pri:0, instance:runners.TestRunner@49438269]" started-at="2025-09-14T23:16:26 IST" name="runScenario" description="Runs Cucumber Scenarios" data-provider="scenarios" finished-at="2025-09-14T23:16:33 IST" duration-ms="6779" status="PASS">
          <params>
            <param index="0">
              <value>
                <![CDATA["Successful User Login"]]>
              </value>
            </param>
            <param index="1">
              <value>
                <![CDATA["User Account Management"]]>
              </value>
            </param>
          </params>
          <reporter-output>
          </reporter-output>
        </test-method> <!-- runScenario -->
        <test-method signature="runScenario(io.cucumber.testng.PickleWrapper,io.cucumber.testng.FeatureWrapper)[pri:0, instance:runners.TestRunner@49438269]" started-at="2025-09-14T23:16:33 IST" name="runScenario" description="Runs Cucumber Scenarios" data-provider="scenarios" finished-at="2025-09-14T23:16:42 IST" duration-ms="9632" status="PASS">
          <params>
            <param index="0">
              <value>
                <![CDATA["Failed User Login"]]>
              </value>
            </param>
            <param index="1">
              <value>
                <![CDATA["User Account Management"]]>
              </value>
            </param>
          </params>
          <reporter-output>
          </reporter-output>
        </test-method> <!-- runScenario -->
        <test-method signature="runScenario(io.cucumber.testng.PickleWrapper,io.cucumber.testng.FeatureWrapper)[pri:0, instance:runners.TestRunner@49438269]" started-at="2025-09-14T23:16:42 IST" name="runScenario" description="Runs Cucumber Scenarios" data-provider="scenarios" finished-at="2025-09-14T23:16:50 IST" duration-ms="7124" status="PASS">
          <params>
            <param index="0">
              <value>
                <![CDATA["Forgot Password"]]>
              </value>
            </param>
            <param index="1">
              <value>
                <![CDATA["User Account Management"]]>
              </value>
            </param>
          </params>
          <reporter-output>
          </reporter-output>
        </test-method> <!-- runScenario -->
        <test-method signature="runScenario(io.cucumber.testng.PickleWrapper,io.cucumber.testng.FeatureWrapper)[pri:0, instance:runners.TestRunner@49438269]" started-at="2025-09-14T23:16:50 IST" name="runScenario" description="Runs Cucumber Scenarios" data-provider="scenarios" finished-at="2025-09-14T23:16:57 IST" duration-ms="7307" status="PASS">
          <params>
            <param index="0">
              <value>
                <![CDATA["Profile Update"]]>
              </value>
            </param>
            <param index="1">
              <value>
                <![CDATA["User Account Management"]]>
              </value>
            </param>
          </params>
          <reporter-output>
          </reporter-output>
        </test-method> <!-- runScenario -->
        <test-method signature="runScenario(io.cucumber.testng.PickleWrapper,io.cucumber.testng.FeatureWrapper)[pri:0, instance:runners.TestRunner@49438269]" started-at="2025-09-14T23:16:57 IST" name="runScenario" description="Runs Cucumber Scenarios" data-provider="scenarios" finished-at="2025-09-14T23:17:04 IST" duration-ms="6903" status="PASS">
          <params>
            <param index="0">
              <value>
                <![CDATA["Order History"]]>
              </value>
            </param>
            <param index="1">
              <value>
                <![CDATA["User Account Management"]]>
              </value>
            </param>
          </params>
          <reporter-output>
          </reporter-output>
        </test-method> <!-- runScenario -->
        <test-method is-config="true" signature="tearDownClass()[pri:0, instance:runners.TestRunner@49438269]" started-at="2025-09-14T23:17:04 IST" name="tearDownClass" finished-at="2025-09-14T23:17:04 IST" duration-ms="562" status="PASS">
          <reporter-output>
          </reporter-output>
        </test-method> <!-- tearDownClass -->
      </class> <!-- runners.TestRunner -->
    </test> <!-- OpenCartTests -->
  </suite> <!-- OpenCartSuite -->
</testng-results>
